[debug] [2021-12-21T10:41:07.504Z] ----------------------------------------------------------------------
[debug] [2021-12-21T10:41:07.508Z] Command:       C:\Program Files\nodejs\node.exe C:\Users\Muhammad Jasim\AppData\Roaming\npm\node_modules\firebase-tools\lib\bin\firebase.js init
[debug] [2021-12-21T10:41:07.509Z] CLI Version:   9.23.3
[debug] [2021-12-21T10:41:07.509Z] Platform:      win32
[debug] [2021-12-21T10:41:07.510Z] Node Version:  v16.13.0
[debug] [2021-12-21T10:41:07.511Z] Time:          Tue Dec 21 2021 15:41:07 GMT+0500 (Pakistan Standard Time)
[debug] [2021-12-21T10:41:07.511Z] ----------------------------------------------------------------------
[debug] 
[debug] [2021-12-21T10:41:07.524Z] > command requires scopes: ["email","openid","https://www.googleapis.com/auth/cloudplatformprojects.readonly","https://www.googleapis.com/auth/firebase","https://www.googleapis.com/auth/cloud-platform"]
[debug] [2021-12-21T10:41:07.524Z] > authorizing via signed-in user (jasimmuhammad479@gmail.com)
[info] 
     ######## #### ########  ######## ########     ###     ######  ########
     ##        ##  ##     ## ##       ##     ##  ##   ##  ##       ##
     ######    ##  ########  ######   ########  #########  ######  ######
     ##        ##  ##    ##  ##       ##     ## ##     ##       ## ##
     ##       #### ##     ## ######## ########  ##     ##  ######  ########

You're about to initialize a Firebase project in this directory:

  C:\Users\Muhammad Jasim\Desktop\admindash

[info] 
=== Project Setup
[info] 
[info] First, let's associate this project directory with a Firebase project.
[info] You can create multiple project aliases by running firebase use --add, 
[info] but for now we'll just set up a default project.
[info] 
[debug] [2021-12-21T10:41:14.518Z] >>> [apiv2][query] GET https://firebase.googleapis.com/v1beta1/projects pageSize=100
[debug] [2021-12-21T10:41:15.448Z] <<< [apiv2][status] GET https://firebase.googleapis.com/v1beta1/projects 200
[debug] [2021-12-21T10:41:15.448Z] <<< [apiv2][body] GET https://firebase.googleapis.com/v1beta1/projects [omitted]
